[0.014s] Invoking command in '/home/user/git_repo/main_ws/build/car_gazebo_plugin': CMAKE_PREFIX_PATH=/opt/ros/humble /usr/bin/cmake /home/user/git_repo/main_ws/src/car_gazebo_plugin -DAMENT_CMAKE_SYMLINK_INSTALL=1 -DCMAKE_INSTALL_PREFIX=/home/user/git_repo/main_ws/install/car_gazebo_plugin
[0.178s] -- The C compiler identification is GNU 11.3.0
[0.282s] -- The CXX compiler identification is GNU 11.3.0
[0.295s] -- Detecting C compiler ABI info
[0.346s] -- Detecting C compiler ABI info - done
[0.351s] -- Check for working C compiler: /usr/bin/cc - skipped
[0.351s] -- Detecting C compile features
[0.352s] -- Detecting C compile features - done
[0.357s] -- Detecting CXX compiler ABI info
[0.418s] -- Detecting CXX compiler ABI info - done
[0.424s] -- Check for working CXX compiler: /usr/bin/c++ - skipped
[0.424s] -- Detecting CXX compile features
[0.425s] -- Detecting CXX compile features - done
[0.445s] -- Found PkgConfig: /usr/bin/pkg-config (found version "0.29.2") 
[0.445s] [33mCMake Warning (dev) at /usr/share/cmake-3.22/Modules/FindPackageHandleStandardArgs.cmake:438 (message):
[0.445s]   The package name passed to `find_package_handle_standard_args` (PkgConfig)
[0.445s]   does not match the name of the calling package (gazebo).  This can lead to
[0.445s]   problems in calling code that expects `find_package` result variables
[0.445s]   (e.g., `_FOUND`) to follow a certain pattern.
[0.445s] Call Stack (most recent call first):
[0.445s]   /usr/share/cmake-3.22/Modules/FindPkgConfig.cmake:99 (find_package_handle_standard_args)
[0.445s]   /usr/lib/x86_64-linux-gnu/cmake/gazebo/gazebo-config.cmake:72 (include)
[0.445s]   CMakeLists.txt:14 (find_package)
[0.445s] This warning is for project developers.  Use -Wno-dev to suppress it.
[0.445s] [0m
[0.450s] -- Checking for module 'bullet>=2.82'
[0.463s] --   Found bullet, version 3.05
[0.555s] -- Found fcl: /usr/include (found suitable version "0.7.0", minimum required is "0.5.0") 
[0.615s] -- Found assimp: /usr/include (found version "5.2.0") 
[0.674s] -- Found DART: /usr/include (Required is at least version "6.6") found components: dart 
[0.890s] -- Found Boost: /usr/lib/x86_64-linux-gnu/cmake/Boost-1.74.0/BoostConfig.cmake (found suitable version "1.74.0", minimum required is "1.40.0") found components: thread system filesystem program_options regex iostreams date_time 
[0.909s] -- Found Protobuf: /usr/lib/x86_64-linux-gnu/libprotobuf.so (found version "3.12.4") 
[0.913s] -- Looking for ignition-math6 -- found version 6.12.0
[0.923s] -- Searching for dependencies of ignition-math6
[0.926s] -- Looking for OGRE...
[0.927s] -- OGRE_PREFIX_WATCH changed.
[0.932s] -- Checking for module 'OGRE'
[0.939s] --   Found OGRE, version 1.9.0
[0.957s] -- Found Ogre Ghadamon (1.9.0)
[0.963s] -- Found OGRE: optimized;/usr/lib/x86_64-linux-gnu/libOgreMain.so;debug;/usr/lib/x86_64-linux-gnu/libOgreMain.so
[0.968s] -- Looking for OGRE_Paging...
[0.971s] -- Found OGRE_Paging: optimized;/usr/lib/x86_64-linux-gnu/libOgrePaging.so;debug;/usr/lib/x86_64-linux-gnu/libOgrePaging.so
[0.971s] -- Looking for OGRE_Terrain...
[0.975s] -- Found OGRE_Terrain: optimized;/usr/lib/x86_64-linux-gnu/libOgreTerrain.so;debug;/usr/lib/x86_64-linux-gnu/libOgreTerrain.so
[0.975s] -- Looking for OGRE_Property...
[0.977s] -- Found OGRE_Property: optimized;/usr/lib/x86_64-linux-gnu/libOgreProperty.so;debug;/usr/lib/x86_64-linux-gnu/libOgreProperty.so
[0.977s] -- Looking for OGRE_RTShaderSystem...
[0.980s] -- Found OGRE_RTShaderSystem: optimized;/usr/lib/x86_64-linux-gnu/libOgreRTShaderSystem.so;debug;/usr/lib/x86_64-linux-gnu/libOgreRTShaderSystem.so
[0.980s] -- Looking for OGRE_Volume...
[0.982s] -- Found OGRE_Volume: optimized;/usr/lib/x86_64-linux-gnu/libOgreVolume.so;debug;/usr/lib/x86_64-linux-gnu/libOgreVolume.so
[0.982s] -- Looking for OGRE_Overlay...
[0.984s] -- Found OGRE_Overlay: optimized;/usr/lib/x86_64-linux-gnu/libOgreOverlay.so;debug;/usr/lib/x86_64-linux-gnu/libOgreOverlay.so
[1.039s] -- Looking for ignition-math6 -- found version 6.12.0
[1.039s] -- Looking for ignition-transport8 -- found version 8.2.1
[1.040s] -- Searching for dependencies of ignition-transport8
[1.051s] -- Found Protobuf: /usr/lib/x86_64-linux-gnu/libprotobuf.so (found suitable version "3.12.4", minimum required is "3") 
[1.057s] -- Config-file not installed for ZeroMQ -- checking for pkg-config
[1.060s] -- Checking for module 'libzmq >= 4'
[1.072s] --   Found libzmq , version 4.3.4
[1.098s] -- Found ZeroMQ: TRUE (Required is at least version "4") 
[1.103s] -- Checking for module 'uuid'
[1.112s] --   Found uuid, version 2.37.2
[1.143s] -- Found UUID: TRUE  
[1.146s] -- Looking for ignition-msgs5 -- found version 5.8.1
[1.146s] -- Searching for dependencies of ignition-msgs5
[1.157s] -- Looking for ignition-math6 -- found version 6.12.0
[1.164s] -- Checking for module 'tinyxml2'
[1.173s] --   Found tinyxml2, version 9.0.0
[1.199s] -- Looking for ignition-msgs5 -- found version 5.8.1
[1.201s] -- Looking for ignition-common3 -- found version 3.14.0
[1.202s] -- Searching for dependencies of ignition-common3
[1.202s] -- Looking for dlfcn.h - found
[1.203s] -- Looking for libdl - found
[1.204s] -- Found DL: TRUE  
[1.213s] -- Found tinyobjloader: /usr/lib/x86_64-linux-gnu/cmake/tinyobjloader/tinyobjloader-config.cmake (found version "2.0.0") 
[1.214s] -- Searching for <ignition-common3> component [graphics]
[1.216s] -- Looking for ignition-common3-graphics -- found version 3.14.0
[1.216s] -- Searching for dependencies of ignition-common3-graphics
[1.217s] -- Looking for ignition-math6 -- found version 6.12.0
[1.219s] -- Looking for ignition-fuel_tools4 -- found version 4.4.0
[1.220s] -- Searching for dependencies of ignition-fuel_tools4
[1.277s] -- Found CURL: /usr/lib/x86_64-linux-gnu/libcurl.so (found version "7.81.0")  
[1.285s] -- Checking for module 'jsoncpp'
[1.305s] --   Found jsoncpp, version 1.9.5
[1.353s] -- Found JSONCPP: TRUE  
[1.366s] -- Checking for module 'libzip'
[1.382s] --   Found libzip, version 1.7.3
[1.406s] -- Found ZIP: TRUE  
[1.407s] -- Looking for ignition-common3 -- found version 3.14.0
[1.407s] -- Looking for ignition-math6 -- found version 6.12.0
[1.407s] -- Looking for ignition-msgs5 -- found version 5.8.1
[1.417s] -- Found gazebo_ros: 3.7.0 (/opt/ros/humble/share/gazebo_ros/cmake)
[1.551s] -- Found Python3: /usr/bin/python3.10 (found version "3.10.6") found components: Interpreter 
[1.596s] -- Override CMake install command with custom implementation using symlinks instead of copying resources
[1.687s] -- Found rosidl_generator_c: 3.1.4 (/opt/ros/humble/share/rosidl_generator_c/cmake)
[1.694s] -- Found rosidl_adapter: 3.1.4 (/opt/ros/humble/share/rosidl_adapter/cmake)
[1.706s] -- Found rosidl_generator_cpp: 3.1.4 (/opt/ros/humble/share/rosidl_generator_cpp/cmake)
[1.723s] -- Using all available rosidl_typesupport_c: rosidl_typesupport_fastrtps_c;rosidl_typesupport_introspection_c
[1.742s] -- Using all available rosidl_typesupport_cpp: rosidl_typesupport_fastrtps_cpp;rosidl_typesupport_introspection_cpp
[1.801s] -- Found rmw_implementation_cmake: 6.1.1 (/opt/ros/humble/share/rmw_implementation_cmake/cmake)
[1.805s] -- Found rmw_fastrtps_cpp: 6.2.2 (/opt/ros/humble/share/rmw_fastrtps_cpp/cmake)
[1.884s] -- Found OpenSSL: /usr/lib/x86_64-linux-gnu/libcrypto.so (found version "3.0.2")  
[1.900s] -- Found FastRTPS: /opt/ros/humble/include  
[1.927s] -- Using RMW implementation 'rmw_fastrtps_cpp' as default
[1.937s] -- Found Threads: TRUE  
[2.085s] -- Gazebo version: 11.10
[2.085s] -- Checking for module 'tbb'
[2.095s] --   Found tbb, version 2021.5.0
[2.124s] -- Found gazebo_ros_pkgs: 3.7.0 (/opt/ros/humble/share/gazebo_ros_pkgs/cmake)
[2.127s] -- Found sensor_msgs: 4.2.3 (/opt/ros/humble/share/sensor_msgs/cmake)
[2.225s] -- Found ackermann_msgs: 2.0.2 (/opt/ros/humble/share/ackermann_msgs/cmake)
[2.265s] -- Found tf2: 0.25.2 (/opt/ros/humble/share/tf2/cmake)
[2.276s] -- Found tf2_ros: 0.25.2 (/opt/ros/humble/share/tf2_ros/cmake)
[2.552s] -- Found ament_lint_auto: 0.12.5 (/opt/ros/humble/share/ament_lint_auto/cmake)
[2.598s] -- Configuring done
[2.673s] -- Generating done
[2.675s] -- Build files have been written to: /home/user/git_repo/main_ws/build/car_gazebo_plugin
[2.682s] Invoked command in '/home/user/git_repo/main_ws/build/car_gazebo_plugin' returned '0': CMAKE_PREFIX_PATH=/opt/ros/humble /usr/bin/cmake /home/user/git_repo/main_ws/src/car_gazebo_plugin -DAMENT_CMAKE_SYMLINK_INSTALL=1 -DCMAKE_INSTALL_PREFIX=/home/user/git_repo/main_ws/install/car_gazebo_plugin
[2.684s] Invoking command in '/home/user/git_repo/main_ws/build/car_gazebo_plugin': CMAKE_PREFIX_PATH=/opt/ros/humble /usr/bin/cmake --build /home/user/git_repo/main_ws/build/car_gazebo_plugin -- -j2 -l2
[2.724s] [ 50%] [32mBuilding CXX object CMakeFiles/car_gazebo_plugin.dir/src/car_gazebo_plugin.cpp.o[0m
[20.921s] [100%] [32m[1mLinking CXX shared library libcar_gazebo_plugin.so[0m
[21.905s] [100%] Built target car_gazebo_plugin
[21.914s] Invoked command in '/home/user/git_repo/main_ws/build/car_gazebo_plugin' returned '0': CMAKE_PREFIX_PATH=/opt/ros/humble /usr/bin/cmake --build /home/user/git_repo/main_ws/build/car_gazebo_plugin -- -j2 -l2
[21.946s] Invoking command in '/home/user/git_repo/main_ws/build/car_gazebo_plugin': CMAKE_PREFIX_PATH=/opt/ros/humble /usr/bin/cmake --install /home/user/git_repo/main_ws/build/car_gazebo_plugin
[21.951s] -- Install configuration: ""
[21.951s] -- Execute custom install script
[21.951s] -- Symlinking: /home/user/git_repo/main_ws/install/car_gazebo_plugin/share/car_gazebo_plugin/libcar_gazebo_plugin.so
[21.956s] -- Symlinking: /home/user/git_repo/main_ws/install/car_gazebo_plugin/share/ament_index/resource_index/package_run_dependencies/car_gazebo_plugin
[21.961s] -- Symlinking: /home/user/git_repo/main_ws/install/car_gazebo_plugin/share/ament_index/resource_index/parent_prefix_path/car_gazebo_plugin
[21.967s] -- Symlinking: /home/user/git_repo/main_ws/install/car_gazebo_plugin/share/car_gazebo_plugin/environment/ament_prefix_path.sh
[21.972s] -- Symlinking: /home/user/git_repo/main_ws/install/car_gazebo_plugin/share/car_gazebo_plugin/environment/ament_prefix_path.dsv
[21.977s] -- Symlinking: /home/user/git_repo/main_ws/install/car_gazebo_plugin/share/car_gazebo_plugin/environment/path.sh
[21.982s] -- Symlinking: /home/user/git_repo/main_ws/install/car_gazebo_plugin/share/car_gazebo_plugin/environment/path.dsv
[21.987s] -- Symlinking: /home/user/git_repo/main_ws/install/car_gazebo_plugin/share/car_gazebo_plugin/local_setup.bash
[21.991s] -- Symlinking: /home/user/git_repo/main_ws/install/car_gazebo_plugin/share/car_gazebo_plugin/local_setup.sh
[21.996s] -- Symlinking: /home/user/git_repo/main_ws/install/car_gazebo_plugin/share/car_gazebo_plugin/local_setup.zsh
[22.000s] -- Symlinking: /home/user/git_repo/main_ws/install/car_gazebo_plugin/share/car_gazebo_plugin/local_setup.dsv
[22.005s] -- Symlinking: /home/user/git_repo/main_ws/install/car_gazebo_plugin/share/car_gazebo_plugin/package.dsv
[22.010s] -- Symlinking: /home/user/git_repo/main_ws/install/car_gazebo_plugin/share/ament_index/resource_index/packages/car_gazebo_plugin
[22.014s] -- Symlinking: /home/user/git_repo/main_ws/install/car_gazebo_plugin/share/car_gazebo_plugin/cmake/car_gazebo_pluginConfig.cmake
[22.019s] -- Symlinking: /home/user/git_repo/main_ws/install/car_gazebo_plugin/share/car_gazebo_plugin/cmake/car_gazebo_pluginConfig-version.cmake
[22.026s] -- Symlinking: /home/user/git_repo/main_ws/install/car_gazebo_plugin/share/car_gazebo_plugin/package.xml
[22.035s] Invoked command in '/home/user/git_repo/main_ws/build/car_gazebo_plugin' returned '0': CMAKE_PREFIX_PATH=/opt/ros/humble /usr/bin/cmake --install /home/user/git_repo/main_ws/build/car_gazebo_plugin
