[0.012s] Invoking command in '/home/user/git_repo/main_ws/build/my_bot': CMAKE_PREFIX_PATH=/opt/ros/humble /usr/bin/cmake /home/user/git_repo/main_ws/src/my_bot -DAMENT_CMAKE_SYMLINK_INSTALL=1 -DCMAKE_INSTALL_PREFIX=/home/user/git_repo/main_ws/install/my_bot
[0.163s] -- The C compiler identification is GNU 11.3.0
[0.271s] -- The CXX compiler identification is GNU 11.3.0
[0.284s] -- Detecting C compiler ABI info
[0.339s] -- Detecting C compiler ABI info - done
[0.344s] -- Check for working C compiler: /usr/bin/cc - skipped
[0.344s] -- Detecting C compile features
[0.344s] -- Detecting C compile features - done
[0.346s] -- Detecting CXX compiler ABI info
[0.412s] -- Detecting CXX compiler ABI info - done
[0.417s] -- Check for working CXX compiler: /usr/bin/c++ - skipped
[0.417s] -- Detecting CXX compile features
[0.418s] -- Detecting CXX compile features - done
[0.430s] -- Found ament_cmake: 1.3.3 (/opt/ros/humble/share/ament_cmake/cmake)
[0.563s] -- Found Python3: /usr/bin/python3.10 (found version "3.10.6") found components: Interpreter 
[0.624s] -- Override CMake install command with custom implementation using symlinks instead of copying resources
[0.678s] -- Found ament_lint_auto: 0.12.5 (/opt/ros/humble/share/ament_lint_auto/cmake)
[0.756s] -- Added test 'copyright' to check source files copyright and LICENSE
[0.759s] -- Added test 'flake8' to check Python code syntax and style conventions
[0.760s] -- Added test 'lint_cmake' to check CMake code style
[0.760s] -- Added test 'pep257' to check Python code against some of the docstring style conventions in PEP 257
[0.762s] -- Added test 'xmllint' to check XML markup files
[0.764s] -- Configuring done
[0.765s] -- Generating done
[0.766s] -- Build files have been written to: /home/user/git_repo/main_ws/build/my_bot
[0.771s] Invoked command in '/home/user/git_repo/main_ws/build/my_bot' returned '0': CMAKE_PREFIX_PATH=/opt/ros/humble /usr/bin/cmake /home/user/git_repo/main_ws/src/my_bot -DAMENT_CMAKE_SYMLINK_INSTALL=1 -DCMAKE_INSTALL_PREFIX=/home/user/git_repo/main_ws/install/my_bot
[0.771s] Invoking command in '/home/user/git_repo/main_ws/build/my_bot': CMAKE_PREFIX_PATH=/opt/ros/humble /usr/bin/cmake --build /home/user/git_repo/main_ws/build/my_bot -- -j2 -l2
[0.798s] Invoked command in '/home/user/git_repo/main_ws/build/my_bot' returned '0': CMAKE_PREFIX_PATH=/opt/ros/humble /usr/bin/cmake --build /home/user/git_repo/main_ws/build/my_bot -- -j2 -l2
[0.838s] Invoking command in '/home/user/git_repo/main_ws/build/my_bot': CMAKE_PREFIX_PATH=/opt/ros/humble /usr/bin/cmake --install /home/user/git_repo/main_ws/build/my_bot
[0.844s] -- Install configuration: ""
[0.844s] -- Execute custom install script
[0.844s] -- Symlinking: /home/user/git_repo/main_ws/install/my_bot/share/my_bot/config/empty.yaml
[0.854s] -- Symlinking: /home/user/git_repo/main_ws/install/my_bot/share/my_bot/config/view_bot.rviz
[0.861s] -- Symlinking: /home/user/git_repo/main_ws/install/my_bot/share/my_bot/description/gazebo_control.xacro
[0.879s] -- Symlinking: /home/user/git_repo/main_ws/install/my_bot/share/my_bot/description/inertial_macros.xacro
[0.884s] -- Symlinking: /home/user/git_repo/main_ws/install/my_bot/share/my_bot/description/lidar.xacro
[0.888s] -- Symlinking: /home/user/git_repo/main_ws/install/my_bot/share/my_bot/description/robot.urdf.xacro
[0.892s] -- Symlinking: /home/user/git_repo/main_ws/install/my_bot/share/my_bot/description/robot_colors.xacro
[0.896s] -- Symlinking: /home/user/git_repo/main_ws/install/my_bot/share/my_bot/description/robot_core.xacro
[0.900s] -- Symlinking: /home/user/git_repo/main_ws/install/my_bot/share/my_bot/description/robot_core_backup.xacro
[0.904s] -- Symlinking: /home/user/git_repo/main_ws/install/my_bot/share/my_bot/launch/launch_sim.launch.py
[0.907s] -- Symlinking: /home/user/git_repo/main_ws/install/my_bot/share/my_bot/launch/rsp.launch.py
[0.911s] -- Symlinking: /home/user/git_repo/main_ws/install/my_bot/share/my_bot/worlds/empty.world
[0.915s] -- Symlinking: /home/user/git_repo/main_ws/install/my_bot/share/ament_index/resource_index/package_run_dependencies/my_bot
[0.924s] -- Symlinking: /home/user/git_repo/main_ws/install/my_bot/share/ament_index/resource_index/parent_prefix_path/my_bot
[0.928s] -- Symlinking: /home/user/git_repo/main_ws/install/my_bot/share/my_bot/environment/ament_prefix_path.sh
[0.932s] -- Symlinking: /home/user/git_repo/main_ws/install/my_bot/share/my_bot/environment/ament_prefix_path.dsv
[0.936s] -- Symlinking: /home/user/git_repo/main_ws/install/my_bot/share/my_bot/environment/path.sh
[0.939s] -- Symlinking: /home/user/git_repo/main_ws/install/my_bot/share/my_bot/environment/path.dsv
[0.943s] -- Symlinking: /home/user/git_repo/main_ws/install/my_bot/share/my_bot/local_setup.bash
[0.947s] -- Symlinking: /home/user/git_repo/main_ws/install/my_bot/share/my_bot/local_setup.sh
[0.951s] -- Symlinking: /home/user/git_repo/main_ws/install/my_bot/share/my_bot/local_setup.zsh
[0.955s] -- Symlinking: /home/user/git_repo/main_ws/install/my_bot/share/my_bot/local_setup.dsv
[0.959s] -- Symlinking: /home/user/git_repo/main_ws/install/my_bot/share/my_bot/package.dsv
[0.963s] -- Symlinking: /home/user/git_repo/main_ws/install/my_bot/share/ament_index/resource_index/packages/my_bot
[0.967s] -- Symlinking: /home/user/git_repo/main_ws/install/my_bot/share/my_bot/cmake/my_botConfig.cmake
[0.971s] -- Symlinking: /home/user/git_repo/main_ws/install/my_bot/share/my_bot/cmake/my_botConfig-version.cmake
[0.976s] -- Symlinking: /home/user/git_repo/main_ws/install/my_bot/share/my_bot/package.xml
[0.980s] Invoked command in '/home/user/git_repo/main_ws/build/my_bot' returned '0': CMAKE_PREFIX_PATH=/opt/ros/humble /usr/bin/cmake --install /home/user/git_repo/main_ws/build/my_bot
